<?xml version="1.0" encoding="UTF-8"?>
<Site BuildName="Linux-clang++"
	BuildStamp="20260109-0545-Experimental"
	Name="abhay"
	Generator="ctest-4.2.1"
	CompilerName="/usr/bin/clang++"
	CompilerVersion="21.1.6"
	OSName="Linux"
	Hostname="abhay"
	OSRelease="6.18.1-zen1-2-zen"
	OSVersion="#1 ZEN SMP PREEMPT_DYNAMIC Sat, 13 Dec 2025 18:23:05 +0000"
	OSPlatform="x86_64"
	Is64Bits="1"
	VendorString="GenuineIntel"
	VendorID="Intel Corporation"
	FamilyID="6"
	ModelID="183"
	ModelName="Intel(R) Core(TM) i7-14650HX"
	ProcessorCacheSize="30720"
	NumberOfLogicalCPU="24"
	NumberOfPhysicalCPU="16"
	TotalVirtualMemory="13913"
	TotalPhysicalMemory="15684"
	LogicalProcessorsPerPhysical="1"
	ProcessorClockFrequency="960.718"
	>
	<Testing>
		<StartDateTime>Jan 12 17:54 IST</StartDateTime>
		<StartTestTime>1768220660</StartTestTime>
		<TestList/>
		<EndDateTime>Jan 12 17:54 IST</EndDateTime>
		<EndTestTime>1768220660</EndTestTime>
		<ElapsedMinutes>0</ElapsedMinutes>
	</Testing>
</Site>
